#
# There is insufficient memory for the Java Runtime Environment to continue.
# Native memory allocation (malloc) failed to allocate 964816 bytes for Chunk::new
# Possible reasons:
#   The system is out of physical RAM or swap space
#   The process is running with CompressedOops enabled, and the Java Heap may be blocking the growth of the native heap
# Possible solutions:
#   Reduce memory load on the system
#   Increase physical memory or swap space
#   Check if swap backing store is full
#   Decrease Java heap size (-Xmx/-Xms)
#   Decrease number of Java threads
#   Decrease Java thread stack sizes (-Xss)
#   Set larger code cache with -XX:ReservedCodeCacheSize=
#   JVM is running with Unscaled Compressed Oops mode in which the Java heap is
#     placed in the first 4GB address space. The Java Heap base address is the
#     maximum limit for the native heap growth. Please use -XX:HeapBaseMinAddress
#     to set the Java Heap base and to place the Java Heap above 4GB virtual address.
# This output file may be truncated or incomplete.
#
#  Out of Memory Error (allocation.cpp:389), pid=2908, tid=0x0000000000002b78
#
# JRE version: OpenJDK Runtime Environment (8.0_242-b01) (build 1.8.0_242-release-1644-b01)
# Java VM: OpenJDK 64-Bit Server VM (25.242-b01 mixed mode windows-amd64 compressed oops)
# Failed to write core dump. Minidumps are not enabled by default on client versions of Windows
#

---------------  T H R E A D  ---------------

Current thread (0x000000001677a800):  JavaThread "C2 CompilerThread0" daemon [_thread_in_native, id=11128, stack(0x0000000018070000,0x0000000018170000)]

Stack: [0x0000000018070000,0x0000000018170000]
[error occurred during error reporting (printing stack bounds), id 0xc0000005]

Native frames: (J=compiled Java code, j=interpreted, Vv=VM code, C=native code)


Current CompileTask:
C2: 287475 15941       4       com.android.tools.build.apkzlib.zip.ZipField::verify (77 bytes)


---------------  P R O C E S S  ---------------

Java Threads: ( => current thread )
  0x000000001a564000 JavaThread "Cache worker for Java compile cache (C:\Users\82105\Desktop\Project_Notice\Project_Notice\.gradle\6.1.1\javaCompile)" [_thread_blocked, id=10708, stack(0x0000000025fb0000,0x00000000260b0000)]
  0x000000001a566000 JavaThread "Cache worker for Java compile cache (C:\Users\82105\.gradle\caches\6.1.1\javaCompile)" [_thread_blocked, id=6616, stack(0x0000000025eb0000,0x0000000025fb0000)]
  0x000000001a568800 JavaThread "stdout" [_thread_in_native, id=5088, stack(0x00000000259b0000,0x0000000025ab0000)]
  0x000000001a567800 JavaThread "stderr" [_thread_in_native, id=8732, stack(0x00000000258b0000,0x00000000259b0000)]
  0x000000001a563000 JavaThread "stdout" [_thread_in_native, id=104, stack(0x00000000257b0000,0x00000000258b0000)]
  0x000000001a56a000 JavaThread "stderr" [_thread_in_native, id=9144, stack(0x00000000256b0000,0x00000000257b0000)]
  0x000000001a564800 JavaThread "stdout" [_thread_in_native, id=11004, stack(0x00000000255b0000,0x00000000256b0000)]
  0x000000001a569000 JavaThread "stderr" [_thread_in_native, id=10636, stack(0x00000000254b0000,0x00000000255b0000)]
  0x000000001a0d4000 JavaThread "WorkerExecutor Queue Thread 4" [_thread_blocked, id=2308, stack(0x00000000252b0000,0x00000000253b0000)]
  0x000000001a0d3800 JavaThread "WorkerExecutor Queue Thread 3" [_thread_in_native, id=2116, stack(0x00000000251b0000,0x00000000252b0000)]
  0x000000001a0d5000 JavaThread "WorkerExecutor Queue Thread 2" [_thread_blocked, id=5428, stack(0x00000000250b0000,0x00000000251b0000)]
  0x000000001a0d2800 JavaThread "stdout" [_thread_in_native, id=9924, stack(0x0000000024db0000,0x0000000024eb0000)]
  0x000000001a0d5800 JavaThread "stderr" [_thread_in_native, id=5908, stack(0x0000000024cb0000,0x0000000024db0000)]
  0x000000001a0d2000 JavaThread "pool-4-thread-1" [_thread_blocked, id=4104, stack(0x0000000024bb0000,0x0000000024cb0000)]
  0x000000001a0ce000 JavaThread "WorkerExecutor Queue" [_thread_blocked, id=7936, stack(0x0000000024ab0000,0x0000000024bb0000)]
  0x000000001a0d1000 JavaThread "Cache worker for execution history cache (C:\Users\82105\Desktop\Project_Notice\Project_Notice\.gradle\6.1.1\executionHistory)" [_thread_blocked, id=1640, stack(0x00000000249b0000,0x0000000024ab0000)]
  0x000000001a0cc800 JavaThread "Execution worker for ':' Thread 3" [_thread_in_Java, id=3596, stack(0x00000000246b0000,0x00000000247b0000)]
  0x000000001a0c7800 JavaThread "Execution worker for ':' Thread 2" [_thread_blocked, id=8480, stack(0x00000000245b0000,0x00000000246b0000)]
  0x000000001a0c9800 JavaThread "Execution worker for ':'" [_thread_in_Java, id=7576, stack(0x00000000244b0000,0x00000000245b0000)]
  0x000000001a0c9000 JavaThread "Cache worker for file content cache (C:\Users\82105\Desktop\Project_Notice\Project_Notice\.gradle\6.1.1\fileContent)" [_thread_blocked, id=3344, stack(0x00000000239b0000,0x0000000023ab0000)]
  0x000000001a0c8000 JavaThread "Cache worker for file content cache (C:\Users\82105\.gradle\caches\6.1.1\fileContent)" [_thread_blocked, id=6624, stack(0x00000000238b0000,0x00000000239b0000)]
  0x000000001a0cd800 JavaThread "Memory manager" [_thread_blocked, id=1532, stack(0x00000000213d0000,0x00000000214d0000)]
  0x000000001a0ca800 JavaThread "Cache worker for Build Output Cleanup Cache (C:\Users\82105\Desktop\Project_Notice\Project_Notice\.gradle\buildOutputCleanup)" [_thread_blocked, id=2084, stack(0x00000000212d0000,0x00000000213d0000)]
  0x000000001a0f7000 JavaThread "Build operations Thread 4" [_thread_blocked, id=8444, stack(0x00000000211d0000,0x00000000212d0000)]
  0x000000001a0f5800 JavaThread "Build operations Thread 3" [_thread_blocked, id=11168, stack(0x00000000210d0000,0x00000000211d0000)]
  0x000000001a0f2800 JavaThread "Build operations Thread 2" [_thread_blocked, id=9708, stack(0x0000000020dd0000,0x0000000020ed0000)]
  0x000000001a0f4000 JavaThread "Build operations" [_thread_blocked, id=11224, stack(0x0000000020ad0000,0x0000000020bd0000)]
  0x000000001a0f7800 JavaThread "Cache worker for cache directory md-rule (C:\Users\82105\.gradle\caches\6.1.1\md-rule)" [_thread_blocked, id=9264, stack(0x00000000209d0000,0x0000000020ad0000)]
  0x000000001c360800 JavaThread "Cache worker for cache directory md-supplier (C:\Users\82105\.gradle\caches\6.1.1\md-supplier)" [_thread_blocked, id=8336, stack(0x000000001eaf0000,0x000000001ebf0000)]
  0x000000001c361800 JavaThread "Cache worker for file hash cache (C:\Users\82105\Desktop\Project_Notice\Project_Notice\.gradle\6.1.1\fileHashes)" [_thread_blocked, id=10128, stack(0x000000001e9f0000,0x000000001eaf0000)]
  0x000000001c35f800 JavaThread "Cache worker for checksums cache (C:\Users\82105\Desktop\Project_Notice\Project_Notice\.gradle\checksums)" [_thread_blocked, id=4992, stack(0x000000001bff0000,0x000000001c0f0000)]
  0x000000001c35c800 JavaThread "Thread-33" [_thread_blocked, id=7028, stack(0x000000001baf0000,0x000000001bbf0000)]
  0x000000001c35f000 JavaThread "Stdin handler" [_thread_blocked, id=7672, stack(0x000000001b7f0000,0x000000001b8f0000)]
  0x000000001c353000 JavaThread "Asynchronous log dispatcher for DefaultDaemonConnection: socket connection from /127.0.0.1:9507 to /127.0.0.1:9567" [_thread_blocked, id=1536, stack(0x000000001b6f0000,0x000000001b7f0000)]
  0x000000001c359800 JavaThread "Daemon worker Thread 2" [_thread_in_Java, id=7208, stack(0x000000001b5f0000,0x000000001b6f0000)]
  0x000000001c352000 JavaThread "Cancel handler" [_thread_blocked, id=10568, stack(0x000000001b2f0000,0x000000001b3f0000)]
  0x000000001c359000 JavaThread "Handler for socket connection from /127.0.0.1:9507 to /127.0.0.1:9567" [_thread_in_native, id=4916, stack(0x0000000000d50000,0x0000000000e50000)]
  0x000000001c356000 JavaThread "Daemon Thread 2" [_thread_blocked, id=2300, stack(0x0000000000c50000,0x0000000000d50000)]
  0x000000001a0f1800 JavaThread "Cache worker for execution history cache (C:\Users\82105\.gradle\caches\6.1.1\executionHistory)" [_thread_blocked, id=3736, stack(0x000000001ebf0000,0x000000001ecf0000)]
  0x000000001a0f1000 JavaThread "Cache worker for file hash cache (C:\Users\82105\.gradle\caches\6.1.1\fileHashes)" [_thread_blocked, id=7944, stack(0x000000001c0f0000,0x000000001c1f0000)]
  0x000000001a0f4800 JavaThread "File lock request listener" [_thread_in_native, id=4168, stack(0x000000001bef0000,0x000000001bff0000)]
  0x000000001a0f6000 JavaThread "Cache worker for journal cache (C:\Users\82105\.gradle\caches\journal-1)" [_thread_blocked, id=9280, stack(0x000000001bdf0000,0x000000001bef0000)]
  0x0000000019e7a800 JavaThread "Daemon periodic checks" [_thread_blocked, id=3276, stack(0x000000001b1f0000,0x000000001b2f0000)]
  0x0000000019e26800 JavaThread "Incoming local TCP Connector on port 9507" [_thread_in_native, id=4604, stack(0x000000001b010000,0x000000001b110000)]
  0x0000000018595800 JavaThread "Daemon health stats" [_thread_blocked, id=3752, stack(0x000000001af10000,0x000000001b010000)]
  0x0000000017aec000 JavaThread "Service Thread" daemon [_thread_blocked, id=1824, stack(0x0000000018370000,0x0000000018470000)]
  0x0000000017a98800 JavaThread "C1 CompilerThread2" daemon [_thread_blocked, id=2764, stack(0x0000000018270000,0x0000000018370000)]
  0x0000000017a7d000 JavaThread "C2 CompilerThread1" daemon [_thread_in_native, id=9168, stack(0x0000000018170000,0x0000000018270000)]
=>0x000000001677a800 JavaThread "C2 CompilerThread0" daemon [_thread_in_native, id=11128, stack(0x0000000018070000,0x0000000018170000)]
  0x000000001672f000 JavaThread "Attach Listener" daemon [_thread_blocked, id=9292, stack(0x0000000017f70000,0x0000000018070000)]
  0x000000001672e000 JavaThread "Signal Dispatcher" daemon [_thread_blocked, id=8484, stack(0x0000000017e70000,0x0000000017f70000)]
  0x0000000002dab000 JavaThread "Finalizer" daemon [_thread_blocked, id=9208, stack(0x0000000017970000,0x0000000017a70000)]
  0x0000000016709000 JavaThread "Reference Handler" daemon [_thread_blocked, id=4436, stack(0x0000000017870000,0x0000000017970000)]
  0x0000000002cad800 JavaThread "main" [_thread_blocked, id=2748, stack(0x0000000002ae0000,0x0000000002be0000)]

Other Threads:
  0x00000000166e6800 VMThread [stack: 0x0000000017770000,0x0000000017870000] [id=10472]
  0x0000000017b0e000 WatcherThread [stack: 0x0000000018470000,0x0000000018570000] [id=9440]

VM state:not at safepoint (normal execution)

VM Mutex/Monitor currently owned by a thread: None

heap address: 0x00000000a0000000, size: 1536 MB, Compressed Oops mode: 32-bit
Narrow klass base: 0x0000000000000000, Narrow klass shift: 3
Compressed class space size: 1073741824 Address: 0x0000000100000000

Heap:
 PSYoungGen      total 480256K, used 47278K [0x00000000e0000000, 0x00000000ffd00000, 0x0000000100000000)
  eden space 471040K, 10% used [0x00000000e0000000,0x00000000e2e2b908,0x00000000fcc00000)
  from space 9216K, 0% used [0x00000000fcc00000,0x00000000fcc00000,0x00000000fd500000)
  to   space 25088K, 0% used [0x00000000fe480000,0x00000000fe480000,0x00000000ffd00000)
 ParOldGen       total 104448K, used 64892K [0x00000000a0000000, 0x00000000a6600000, 0x00000000e0000000)
  object space 104448K, 62% used [0x00000000a0000000,0x00000000a3f5f228,0x00000000a6600000)
 Metaspace       used 95503K, capacity 99550K, committed 99884K, reserved 1136640K
  class space    used 12335K, capacity 13243K, committed 13356K, reserved 1048576K

Card table byte_map: [0x0000000012170000,0x0000000012480000] byte_map_base: 0x0000000011c70000

Marking Bits: (ParMarkBitMap*) 0x0000000070eaf030
 Begin Bits: [0x0000000012a80000, 0x0000000014280000)
 End Bits:   [0x0000000014280000, 0x0000000015a80000)

Polling page: 0x0000000000af0000

CodeCache: size=245760Kb used=45263Kb max_used=45417Kb free=200496Kb
 bounds [0x0000000002db0000, 0x0000000005a90000, 0x0000000011db0000]
 total_blobs=14387 nmethods=13493 adapters=805
 compilation: enabled

Compilation events (10 events):
Event: 287.461 Thread 0x0000000017a98800 16091       3       com.android.tools.r8.B.a.a.f::b (414 bytes)
Event: 287.466 Thread 0x0000000017a98800 nmethod 16091 0x000000000558c090 code [0x000000000558c5e0, 0x000000000558fa08]
Event: 287.466 Thread 0x0000000017a98800 16092       3       com.android.tools.r8.graph.m::F (8 bytes)
Event: 287.466 Thread 0x0000000017a98800 nmethod 16092 0x0000000003a99c10 code [0x0000000003a99d80, 0x0000000003a9a010]
Event: 287.468 Thread 0x0000000017a98800 16094       3       com.android.tools.r8.graph.J0::<init> (41 bytes)
Event: 287.468 Thread 0x0000000017a98800 nmethod 16094 0x0000000003d8ac50 code [0x0000000003d8adc0, 0x0000000003d8aff0]
Event: 287.470 Thread 0x0000000017a98800 16096       3       com.android.tools.r8.graph.u0$$Lambda$804/1003519195::<init> (26 bytes)
Event: 287.470 Thread 0x0000000017a98800 nmethod 16096 0x0000000004ad0dd0 code [0x0000000004ad0f20, 0x0000000004ad1110]
Event: 287.472 Thread 0x0000000017a98800 16097       3       com.android.tools.r8.graph.t0$$Lambda$800/483125915::apply (8 bytes)
Event: 287.472 Thread 0x0000000017a98800 nmethod 16097 0x0000000005594990 code [0x0000000005594b00, 0x0000000005594d68]

GC Heap History (10 events):
Event: 57.989 GC heap before
{Heap before GC invocations=21 (full 3):
 PSYoungGen      total 344064K, used 326144K [0x00000000e0000000, 0x00000000fc180000, 0x0000000100000000)
  eden space 326144K, 100% used [0x00000000e0000000,0x00000000f3e80000,0x00000000f3e80000)
  from space 17920K, 0% used [0x00000000f3e80000,0x00000000f3e80000,0x00000000f5000000)
  to   space 17408K, 0% used [0x00000000fb080000,0x00000000fb080000,0x00000000fc180000)
 ParOldGen       total 104448K, used 42184K [0x00000000a0000000, 0x00000000a6600000, 0x00000000e0000000)
  object space 104448K, 40% used [0x00000000a0000000,0x00000000a29322c8,0x00000000a6600000)
 Metaspace       used 73011K, capacity 76290K, committed 76416K, reserved 1116160K
  class space    used 9870K, capacity 10533K, committed 10624K, reserved 1048576K
Event: 58.028 GC heap after
Heap after GC invocations=21 (full 3):
 PSYoungGen      total 420352K, used 17380K [0x00000000e0000000, 0x00000000fc180000, 0x0000000100000000)
  eden space 402944K, 0% used [0x00000000e0000000,0x00000000e0000000,0x00000000f8980000)
  from space 17408K, 99% used [0x00000000fb080000,0x00000000fc1792b8,0x00000000fc180000)
  to   space 23552K, 0% used [0x00000000f9380000,0x00000000f9380000,0x00000000faa80000)
 ParOldGen       total 104448K, used 51701K [0x00000000a0000000, 0x00000000a6600000, 0x00000000e0000000)
  object space 104448K, 49% used [0x00000000a0000000,0x00000000a327d420,0x00000000a6600000)
 Metaspace       used 73011K, capacity 76290K, committed 76416K, reserved 1116160K
  class space    used 9870K, capacity 10533K, committed 10624K, reserved 1048576K
}
Event: 262.845 GC heap before
{Heap before GC invocations=22 (full 3):
 PSYoungGen      total 420352K, used 420324K [0x00000000e0000000, 0x00000000fc180000, 0x0000000100000000)
  eden space 402944K, 100% used [0x00000000e0000000,0x00000000f8980000,0x00000000f8980000)
  from space 17408K, 99% used [0x00000000fb080000,0x00000000fc1792b8,0x00000000fc180000)
  to   space 23552K, 0% used [0x00000000f9380000,0x00000000f9380000,0x00000000faa80000)
 ParOldGen       total 104448K, used 51701K [0x00000000a0000000, 0x00000000a6600000, 0x00000000e0000000)
  object space 104448K, 49% used [0x00000000a0000000,0x00000000a327d420,0x00000000a6600000)
 Metaspace       used 83318K, capacity 87222K, committed 87552K, reserved 1124352K
  class space    used 10897K, capacity 11679K, committed 11776K, reserved 1048576K
Event: 262.943 GC heap after
Heap after GC invocations=22 (full 3):
 PSYoungGen      total 436736K, used 20629K [0x00000000e0000000, 0x0000000100000000, 0x0000000100000000)
  eden space 413184K, 0% used [0x00000000e0000000,0x00000000e0000000,0x00000000f9380000)
  from space 23552K, 87% used [0x00000000f9380000,0x00000000fa7a5750,0x00000000faa80000)
  to   space 26624K, 0% used [0x00000000fe600000,0x00000000fe600000,0x0000000100000000)
 ParOldGen       total 104448K, used 67312K [0x00000000a0000000, 0x00000000a6600000, 0x00000000e0000000)
  object space 104448K, 64% used [0x00000000a0000000,0x00000000a41bc0c0,0x00000000a6600000)
 Metaspace       used 83318K, capacity 87222K, committed 87552K, reserved 1124352K
  class space    used 10897K, capacity 11679K, committed 11776K, reserved 1048576K
}
Event: 283.239 GC heap before
{Heap before GC invocations=23 (full 3):
 PSYoungGen      total 436736K, used 433813K [0x00000000e0000000, 0x0000000100000000, 0x0000000100000000)
  eden space 413184K, 100% used [0x00000000e0000000,0x00000000f9380000,0x00000000f9380000)
  from space 23552K, 87% used [0x00000000f9380000,0x00000000fa7a5750,0x00000000faa80000)
  to   space 26624K, 0% used [0x00000000fe600000,0x00000000fe600000,0x0000000100000000)
 ParOldGen       total 104448K, used 67312K [0x00000000a0000000, 0x00000000a6600000, 0x00000000e0000000)
  object space 104448K, 64% used [0x00000000a0000000,0x00000000a41bc0c0,0x00000000a6600000)
 Metaspace       used 92381K, capacity 96320K, committed 96512K, reserved 1132544K
  class space    used 11930K, capacity 12784K, committed 12800K, reserved 1048576K
Event: 283.337 GC heap after
Heap after GC invocations=23 (full 3):
 PSYoungGen      total 497664K, used 14306K [0x00000000e0000000, 0x0000000100000000, 0x0000000100000000)
  eden space 471040K, 0% used [0x00000000e0000000,0x00000000e0000000,0x00000000fcc00000)
  from space 26624K, 53% used [0x00000000fe600000,0x00000000ff3f8b98,0x0000000100000000)
  to   space 26624K, 0% used [0x00000000fcc00000,0x00000000fcc00000,0x00000000fe600000)
 ParOldGen       total 104448K, used 80170K [0x00000000a0000000, 0x00000000a6600000, 0x00000000e0000000)
  object space 104448K, 76% used [0x00000000a0000000,0x00000000a4e4aa80,0x00000000a6600000)
 Metaspace       used 92381K, capacity 96320K, committed 96512K, reserved 1132544K
  class space    used 11930K, capacity 12784K, committed 12800K, reserved 1048576K
}
Event: 286.093 GC heap before
{Heap before GC invocations=24 (full 3):
 PSYoungGen      total 497664K, used 92153K [0x00000000e0000000, 0x0000000100000000, 0x0000000100000000)
  eden space 471040K, 16% used [0x00000000e0000000,0x00000000e4c059c8,0x00000000fcc00000)
  from space 26624K, 53% used [0x00000000fe600000,0x00000000ff3f8b98,0x0000000100000000)
  to   space 26624K, 0% used [0x00000000fcc00000,0x00000000fcc00000,0x00000000fe600000)
 ParOldGen       total 104448K, used 80170K [0x00000000a0000000, 0x00000000a6600000, 0x00000000e0000000)
  object space 104448K, 76% used [0x00000000a0000000,0x00000000a4e4aa80,0x00000000a6600000)
 Metaspace       used 94143K, capacity 98328K, committed 98348K, reserved 1134592K
  class space    used 12183K, capacity 13080K, committed 13100K, reserved 1048576K
Event: 286.126 GC heap after
Heap after GC invocations=24 (full 3):
 PSYoungGen      total 480256K, used 8886K [0x00000000e0000000, 0x00000000ffd00000, 0x0000000100000000)
  eden space 471040K, 0% used [0x00000000e0000000,0x00000000e0000000,0x00000000fcc00000)
  from space 9216K, 96% used [0x00000000fcc00000,0x00000000fd4adb68,0x00000000fd500000)
  to   space 25088K, 0% used [0x00000000fe480000,0x00000000fe480000,0x00000000ffd00000)
 ParOldGen       total 104448K, used 85965K [0x00000000a0000000, 0x00000000a6600000, 0x00000000e0000000)
  object space 104448K, 82% used [0x00000000a0000000,0x00000000a53f36d0,0x00000000a6600000)
 Metaspace       used 94143K, capacity 98328K, committed 98348K, reserved 1134592K
  class space    used 12183K, capacity 13080K, committed 13100K, reserved 1048576K
}
Event: 286.126 GC heap before
{Heap before GC invocations=25 (full 4):
 PSYoungGen      total 480256K, used 8886K [0x00000000e0000000, 0x00000000ffd00000, 0x0000000100000000)
  eden space 471040K, 0% used [0x00000000e0000000,0x00000000e0000000,0x00000000fcc00000)
  from space 9216K, 96% used [0x00000000fcc00000,0x00000000fd4adb68,0x00000000fd500000)
  to   space 25088K, 0% used [0x00000000fe480000,0x00000000fe480000,0x00000000ffd00000)
 ParOldGen       total 104448K, used 85965K [0x00000000a0000000, 0x00000000a6600000, 0x00000000e0000000)
  object space 104448K, 82% used [0x00000000a0000000,0x00000000a53f36d0,0x00000000a6600000)
 Metaspace       used 94143K, capacity 98328K, committed 98348K, reserved 1134592K
  class space    used 12183K, capacity 13080K, committed 13100K, reserved 1048576K
Event: 286.760 GC heap after
Heap after GC invocations=25 (full 4):
 PSYoungGen      total 480256K, used 0K [0x00000000e0000000, 0x00000000ffd00000, 0x0000000100000000)
  eden space 471040K, 0% used [0x00000000e0000000,0x00000000e0000000,0x00000000fcc00000)
  from space 9216K, 0% used [0x00000000fcc00000,0x00000000fcc00000,0x00000000fd500000)
  to   space 25088K, 0% used [0x00000000fe480000,0x00000000fe480000,0x00000000ffd00000)
 ParOldGen       total 104448K, used 64892K [0x00000000a0000000, 0x00000000a6600000, 0x00000000e0000000)
  object space 104448K, 62% used [0x00000000a0000000,0x00000000a3f5f228,0x00000000a6600000)
 Metaspace       used 93985K, capacity 97868K, committed 98348K, reserved 1134592K
  class space    used 12131K, capacity 12988K, committed 13100K, reserved 1048576K
}

Deoptimization events (10 events):
Event: 286.816 Thread 0x000000001a0cc800 Uncommon trap: reason=bimorphic action=maybe_recompile pc=0x000000000515a264 method=java.util.stream.StreamOpFlag.fromCharacteristics(Ljava/util/Spliterator;)I @ 14
Event: 286.817 Thread 0x000000001a0c9800 Uncommon trap: reason=bimorphic action=maybe_recompile pc=0x000000000515a264 method=java.util.stream.StreamOpFlag.fromCharacteristics(Ljava/util/Spliterator;)I @ 14
Event: 286.819 Thread 0x000000001a0d3800 Uncommon trap: reason=unstable_if action=reinterpret pc=0x0000000003f1b794 method=java.nio.Bits.getShort(Ljava/nio/ByteBuffer;IZ)S @ 1
Event: 286.972 Thread 0x000000001c359800 Uncommon trap: reason=bimorphic action=maybe_recompile pc=0x000000000515a264 method=java.util.stream.StreamOpFlag.fromCharacteristics(Ljava/util/Spliterator;)I @ 14
Event: 287.111 Thread 0x000000001a0c9800 Uncommon trap: reason=unstable_if action=reinterpret pc=0x00000000037a935c method=java.nio.Bits.putInt(Ljava/nio/ByteBuffer;IIZ)V @ 1
Event: 287.167 Thread 0x000000001a0d3800 Uncommon trap: reason=class_check action=maybe_recompile pc=0x00000000053fd364 method=com.google.common.collect.ImmutableMap.copyOf(Ljava/util/Map;)Lcom/google/common/collect/ImmutableMap; @ 49
Event: 287.167 Thread 0x000000001a0d3800 Uncommon trap: reason=class_check action=maybe_recompile pc=0x00000000053ffd6c method=com.google.common.collect.Iterables.castOrCopyToCollection(Ljava/lang/Iterable;)Ljava/util/Collection; @ 1
Event: 287.237 Thread 0x000000001a0d3800 Uncommon trap: reason=class_check action=maybe_recompile pc=0x000000000378ede0 method=com.android.tools.build.apkzlib.zip.ZipField.checkVerifiesInvariants(J)V @ 25
Event: 287.423 Thread 0x000000001a0d3800 Uncommon trap: reason=class_check action=maybe_recompile pc=0x00000000053fd364 method=com.google.common.collect.ImmutableMap.copyOf(Ljava/util/Map;)Lcom/google/common/collect/ImmutableMap; @ 49
Event: 287.423 Thread 0x000000001a0d3800 Uncommon trap: reason=class_check action=maybe_recompile pc=0x00000000053ffd6c method=com.google.common.collect.Iterables.castOrCopyToCollection(Ljava/lang/Iterable;)Ljava/util/Collection; @ 1

Classes redefined (0 events):
No events

Internal exceptions (10 events):
Event: 285.871 Thread 0x000000001a0c7800 Exception <a 'sun/nio/fs/WindowsException'> (0x00000000e32bc828) thrown at [C:\src\AOSP-openjdk-git\hotspot\src\share\vm\prims\jni.cpp, line 710]
Event: 285.871 Thread 0x000000001a0c7800 Exception <a 'sun/nio/fs/WindowsException'> (0x00000000e32bd8a0) thrown at [C:\src\AOSP-openjdk-git\hotspot\src\share\vm\prims\jni.cpp, line 710]
Event: 285.890 Thread 0x000000001a0c9800 Exception <a 'sun/nio/fs/WindowsException'> (0x00000000e34278d0) thrown at [C:\src\AOSP-openjdk-git\hotspot\src\share\vm\prims\jni.cpp, line 710]
Event: 285.915 Thread 0x000000001a0c7800 Exception <a 'java/lang/NoSuchMethodError': <clinit>> (0x00000000e34bd5d0) thrown at [C:\src\AOSP-openjdk-git\hotspot\src\share\vm\prims\jni.cpp, line 1615]
Event: 285.917 Thread 0x000000001a0c7800 Exception <a 'java/lang/NoSuchMethodError': <clinit>> (0x00000000e34d9d78) thrown at [C:\src\AOSP-openjdk-git\hotspot\src\share\vm\prims\jni.cpp, line 1615]
Event: 285.934 Thread 0x000000001a0d3800 Exception <a 'sun/nio/fs/WindowsException'> (0x00000000e35f4f88) thrown at [C:\src\AOSP-openjdk-git\hotspot\src\share\vm\prims\jni.cpp, line 710]
Event: 285.939 Thread 0x000000001a0d3800 Exception <a 'java/lang/NoSuchMethodError': java.lang.Object.lambda$asRunnable$0(Lcom/android/tools/build/apkzlib/utils/IOExceptionRunnable;)V> (0x00000000e36fc408) thrown at [C:\src\AOSP-openjdk-git\hotspot\src\share\vm\interpreter\linkResolver.cpp, line
Event: 286.000 Thread 0x000000001a0cc800 Exception <a 'sun/nio/fs/WindowsException'> (0x00000000e3cbda10) thrown at [C:\src\AOSP-openjdk-git\hotspot\src\share\vm\prims\jni.cpp, line 710]
Event: 286.040 Thread 0x000000001a0d3800 Exception <a 'java/lang/NoSuchMethodError': java.lang.Object.newSystemTemporaryDirectory()Lcom/android/tools/build/apkzlib/bytestorage/TemporaryDirectory;> (0x00000000e442dba0) thrown at [C:\src\AOSP-openjdk-git\hotspot\src\share\vm\interpreter\linkResolv
Event: 286.965 Thread 0x000000001c359800 Exception <a 'sun/nio/fs/WindowsException'> (0x00000000e1040950) thrown at [C:\src\AOSP-openjdk-git\hotspot\src\share\vm\prims\jni.cpp, line 710]

Events (10 events):
Event: 287.358 loading class com/android/tools/r8/ir/analysis/type/h
Event: 287.358 loading class com/android/tools/r8/ir/analysis/type/h done
Event: 287.423 Thread 0x000000001a0d3800 Uncommon trap: trap_request=0xffffffde fr.pc=0x00000000053fd364
Event: 287.423 Thread 0x000000001a0d3800 DEOPT PACKING pc=0x00000000053fd364 sp=0x00000000252adb60
Event: 287.423 Thread 0x000000001a0d3800 DEOPT UNPACKING pc=0x0000000002df557b sp=0x00000000252adb10 mode 2
Event: 287.423 Thread 0x000000001a0d3800 Uncommon trap: trap_request=0xffffffde fr.pc=0x00000000053ffd6c
Event: 287.423 Thread 0x000000001a0d3800 DEOPT PACKING pc=0x00000000053ffd6c sp=0x00000000252adae0
Event: 287.423 Thread 0x000000001a0d3800 DEOPT UNPACKING pc=0x0000000002df557b sp=0x00000000252ad9d8 mode 2
Event: 287.469 loading class com/android/tools/r8/utils/U0
Event: 287.469 loading class com/android/tools/r8/utils/U0 done


Dynamic libraries:
0x00007ff6a54c0000 - 0x00007ff6a54f1000 	C:\Program Files\Android\Android Studio\jre\bin\java.exe
0x00007ffc6abc0000 - 0x00007ffc6adb0000 	C:\WINDOWS\SYSTEM32\ntdll.dll
0x00007ffc6a440000 - 0x00007ffc6a4f2000 	C:\WINDOWS\System32\KERNEL32.DLL
0x00007ffc68650000 - 0x00007ffc688f5000 	C:\WINDOWS\System32\KERNELBASE.dll
0x00007ffc6aa50000 - 0x00007ffc6aaf3000 	C:\WINDOWS\System32\ADVAPI32.dll
0x00007ffc69080000 - 0x00007ffc6911e000 	C:\WINDOWS\System32\msvcrt.dll
0x00007ffc692e0000 - 0x00007ffc69377000 	C:\WINDOWS\System32\sechost.dll
0x00007ffc69380000 - 0x00007ffc694a0000 	C:\WINDOWS\System32\RPCRT4.dll
0x00007ffc6a840000 - 0x00007ffc6a9d4000 	C:\WINDOWS\System32\USER32.dll
0x00007ffc67b30000 - 0x00007ffc67b51000 	C:\WINDOWS\System32\win32u.dll
0x00007ffc694b0000 - 0x00007ffc694d6000 	C:\WINDOWS\System32\GDI32.dll
0x00007ffc689b0000 - 0x00007ffc68b46000 	C:\WINDOWS\System32\gdi32full.dll
0x00007ffc68530000 - 0x00007ffc685ce000 	C:\WINDOWS\System32\msvcp_win.dll
0x00007ffc68b50000 - 0x00007ffc68c4a000 	C:\WINDOWS\System32\ucrtbase.dll
0x00007ffc590a0000 - 0x00007ffc59324000 	C:\WINDOWS\WinSxS\amd64_microsoft.windows.common-controls_6595b64144ccf1df_6.0.18362.1256_none_9e7e379be45e40e2\COMCTL32.dll
0x00007ffc6a500000 - 0x00007ffc6a836000 	C:\WINDOWS\System32\combase.dll
0x00007ffc67b60000 - 0x00007ffc67be1000 	C:\WINDOWS\System32\bcryptPrimitives.dll
0x00007ffc6a3b0000 - 0x00007ffc6a3de000 	C:\WINDOWS\System32\IMM32.DLL
0x00000000723e0000 - 0x00000000724b2000 	C:\Program Files\Android\Android Studio\jre\jre\bin\msvcr100.dll
0x00000000706e0000 - 0x0000000070f2b000 	C:\Program Files\Android\Android Studio\jre\jre\bin\server\jvm.dll
0x00007ffc6a310000 - 0x00007ffc6a318000 	C:\WINDOWS\System32\PSAPI.DLL
0x00007ffc55840000 - 0x00007ffc55849000 	C:\WINDOWS\SYSTEM32\WSOCK32.dll
0x00007ffc694e0000 - 0x00007ffc6954f000 	C:\WINDOWS\System32\WS2_32.dll
0x00007ffc65b50000 - 0x00007ffc65b74000 	C:\WINDOWS\SYSTEM32\WINMM.dll
0x00007ffc5af20000 - 0x00007ffc5af2a000 	C:\WINDOWS\SYSTEM32\VERSION.dll
0x00007ffc65b20000 - 0x00007ffc65b4d000 	C:\WINDOWS\SYSTEM32\WINMMBASE.dll
0x00007ffc685d0000 - 0x00007ffc6861a000 	C:\WINDOWS\System32\cfgmgr32.dll
0x00007ffc63650000 - 0x00007ffc6365f000 	C:\Program Files\Android\Android Studio\jre\jre\bin\verify.dll
0x00007ffc63610000 - 0x00007ffc63639000 	C:\Program Files\Android\Android Studio\jre\jre\bin\java.dll
0x00007ffc635f0000 - 0x00007ffc63606000 	C:\Program Files\Android\Android Studio\jre\jre\bin\zip.dll
0x00007ffc69550000 - 0x00007ffc69c37000 	C:\WINDOWS\System32\SHELL32.dll
0x00007ffc68c70000 - 0x00007ffc68d19000 	C:\WINDOWS\System32\shcore.dll
0x00007ffc67da0000 - 0x00007ffc68521000 	C:\WINDOWS\System32\windows.storage.dll
0x00007ffc67b00000 - 0x00007ffc67b23000 	C:\WINDOWS\System32\profapi.dll
0x00007ffc67a70000 - 0x00007ffc67aba000 	C:\WINDOWS\System32\powrprof.dll
0x00007ffc67a60000 - 0x00007ffc67a70000 	C:\WINDOWS\System32\UMPDC.dll
0x00007ffc6a3e0000 - 0x00007ffc6a432000 	C:\WINDOWS\System32\shlwapi.dll
0x00007ffc67ae0000 - 0x00007ffc67af1000 	C:\WINDOWS\System32\kernel.appcore.dll
0x00007ffc68c50000 - 0x00007ffc68c67000 	C:\WINDOWS\System32\cryptsp.dll
0x00007ffc63500000 - 0x00007ffc6351a000 	C:\Program Files\Android\Android Studio\jre\jre\bin\net.dll
0x00007ffc67250000 - 0x00007ffc672b7000 	C:\WINDOWS\system32\mswsock.dll
0x00007ffc634e0000 - 0x00007ffc634f3000 	C:\Program Files\Android\Android Studio\jre\jre\bin\nio.dll
0x00007ffc62f40000 - 0x00007ffc62f66000 	C:\Users\82105\.gradle\native\31\windows-amd64\native-platform.dll
0x00007ffc635e0000 - 0x00007ffc635ed000 	C:\Program Files\Android\Android Studio\jre\jre\bin\management.dll
0x00007ffc66dc0000 - 0x00007ffc66df3000 	C:\WINDOWS\system32\rsaenh.dll
0x00007ffc68620000 - 0x00007ffc68646000 	C:\WINDOWS\System32\bcrypt.dll
0x00007ffc67980000 - 0x00007ffc679a5000 	C:\WINDOWS\SYSTEM32\USERENV.dll
0x00007ffc67420000 - 0x00007ffc6742c000 	C:\WINDOWS\SYSTEM32\CRYPTBASE.dll
0x00007ffc66f60000 - 0x00007ffc66f9a000 	C:\WINDOWS\SYSTEM32\IPHLPAPI.DLL
0x00007ffc694a0000 - 0x00007ffc694a8000 	C:\WINDOWS\System32\NSI.dll
0x00007ffc5d870000 - 0x00007ffc5d886000 	C:\WINDOWS\SYSTEM32\dhcpcsvc6.DLL
0x00007ffc5d9b0000 - 0x00007ffc5d9cc000 	C:\WINDOWS\SYSTEM32\dhcpcsvc.DLL
0x00007ffc66fa0000 - 0x00007ffc6706b000 	C:\WINDOWS\SYSTEM32\DNSAPI.dll

VM Arguments:
jvm_args: -Xmx1536m -Dfile.encoding=x-windows-949 -Duser.country=KR -Duser.language=ko -Duser.variant 
java_command: org.gradle.launcher.daemon.bootstrap.GradleDaemon 6.1.1
java_class_path (initial): C:\Users\82105\.gradle\wrapper\dists\gradle-6.1.1-all\cfmwm155h49vnt3hynmlrsdst\gradle-6.1.1\lib\gradle-launcher-6.1.1.jar
Launcher Type: SUN_STANDARD

Environment Variables:
JAVA_HOME=C:\jdk 15
CLASSPATH=C:\jdk 15\;.;
PATH=C:\Program Files\Common Files\Oracle\Java\javapath;C:\WINDOWS\system32;C:\WINDOWS;C:\WINDOWS\System32\Wbem;C:\WINDOWS\System32\WindowsPowerShell\v1.0\;C:\WINDOWS\System32\OpenSSH\;C:\Program Files\PostgreSQL\12\bin;C:\Program Files\dotnet\;C:\jdk 15\bin;%USERPROFILE%\AppData\Local\Microsoft\WindowsApps;;C:\Users\82105\AppData\Local\Programs\Microsoft VS Code\bin;C:\Program Files (x86)\SoftForum\XecureHSM\;
USERNAME=82105
OS=Windows_NT
PROCESSOR_IDENTIFIER=Intel64 Family 6 Model 61 Stepping 4, GenuineIntel



---------------  S Y S T E M  ---------------

OS: Windows 10.0 , 64 bit Build 18362 (10.0.18362.1110)

CPU:total 4 (initial active 4) (2 cores per cpu, 2 threads per core) family 6 model 61 stepping 4, cmov, cx8, fxsr, mmx, sse, sse2, sse3, ssse3, sse4.1, sse4.2, popcnt, avx, avx2, aes, clmul, erms, 3dnowpref, lzcnt, ht, tsc, tscinvbit, bmi1, bmi2, adx

Memory: 4k page, physical 8302164k(794080k free), swap 8302164k(5344k free)

vm_info: OpenJDK 64-Bit Server VM (25.242-b01) for windows-amd64 JRE (1.8.0_242-release-1644-b01), built by "builder" with MS VC++ 10.0 (VS2010)

time: Mon Dec 21 15:35:31 2020
timezone: 대한민국 표준시
elapsed time: 287 seconds (0d 0h 4m 47s)

